<?xml version="1.0" encoding="UTF-8"?>
<!-- Generated by org.testng.reporters.JUnitReportReporter -->
<testsuite hostname="DESKTOP-KSH1ION" failures="0" tests="1" name="com.TestGoogle.GmailLogin" time="5.205" errors="0" timestamp="2022-11-20T19:57:42 CET" skipped="0">
  <testcase classname="com.TestGoogle.GmailLogin" name="OpenURl" time="5.205"/>
  <system-out/>
</testsuite> <!-- com.TestGoogle.GmailLogin -->
